#
# There is insufficient memory for the Java Runtime Environment to continue.
# Native memory allocation (malloc) failed to allocate 32744 bytes for ChunkPool::allocate
# Possible reasons:
#   The system is out of physical RAM or swap space
#   The process is running with CompressedOops enabled, and the Java Heap may be blocking the growth of the native heap
# Possible solutions:
#   Reduce memory load on the system
#   Increase physical memory or swap space
#   Check if swap backing store is full
#   Decrease Java heap size (-Xmx/-Xms)
#   Decrease number of Java threads
#   Decrease Java thread stack sizes (-Xss)
#   Set larger code cache with -XX:ReservedCodeCacheSize=
#   JVM is running with Zero Based Compressed Oops mode in which the Java heap is
#     placed in the first 32GB address space. The Java Heap base address is the
#     maximum limit for the native heap growth. Please use -XX:HeapBaseMinAddress
#     to set the Java Heap base and to place the Java Heap above 32GB virtual address.
# This output file may be truncated or incomplete.
#
#  Out of Memory Error (allocation.cpp:272), pid=5956, tid=0x0000000000002bbc
#
# JRE version: Java(TM) SE Runtime Environment (8.0_231-b11) (build 1.8.0_231-b11)
# Java VM: Java HotSpot(TM) 64-Bit Server VM (25.231-b11 mixed mode windows-amd64 compressed oops)
# Failed to write core dump. Minidumps are not enabled by default on client versions of Windows
#

---------------  T H R E A D  ---------------

Current thread (0x000000001fd7b800):  JavaThread "http-nio-8088-exec-1" daemon [_thread_in_vm, id=11196, stack(0x0000000024360000,0x0000000024460000)]

Stack: [0x0000000024360000,0x0000000024460000]
[error occurred during error reporting (printing stack bounds), id 0xc0000005]

Native frames: (J=compiled Java code, j=interpreted, Vv=VM code, C=native code)

Java frames: (J=compiled Java code, j=interpreted, Vv=VM code)
J 819  java.lang.ClassLoader.defineClass1(Ljava/lang/String;[BIILjava/security/ProtectionDomain;Ljava/lang/String;)Ljava/lang/Class; (0 bytes) @ 0x0000000002927f1f [0x0000000002927e80+0x9f]
J 817 C1 java.lang.ClassLoader.defineClass(Ljava/lang/String;[BIILjava/security/ProtectionDomain;)Ljava/lang/Class; (43 bytes) @ 0x00000000029283ac [0x00000000029282a0+0x10c]
J 821 C1 java.net.URLClassLoader.defineClass(Ljava/lang/String;Lsun/misc/Resource;)Ljava/lang/Class; (142 bytes) @ 0x000000000292a9a4 [0x0000000002929fc0+0x9e4]
J 684 C1 java.net.URLClassLoader$1.run()Ljava/lang/Class; (63 bytes) @ 0x00000000028ebe0c [0x00000000028ebd40+0xcc]
J 683 C1 java.net.URLClassLoader$1.run()Ljava/lang/Object; (5 bytes) @ 0x00000000028eba14 [0x00000000028eb9e0+0x34]
v  ~StubRoutines::call_stub
J 528  java.security.AccessController.doPrivileged(Ljava/security/PrivilegedExceptionAction;Ljava/security/AccessControlContext;)Ljava/lang/Object; (0 bytes) @ 0x00000000028a9926 [0x00000000028a98c0+0x66]
J 681 C1 java.net.URLClassLoader.findClass(Ljava/lang/String;)Ljava/lang/Class; (47 bytes) @ 0x00000000028eb1c4 [0x00000000028eb100+0xc4]
J 555 C1 java.lang.ClassLoader.loadClass(Ljava/lang/String;Z)Ljava/lang/Class; (122 bytes) @ 0x00000000028b2834 [0x00000000028b2520+0x314]
J 649 C1 sun.misc.Launcher$AppClassLoader.loadClass(Ljava/lang/String;Z)Ljava/lang/Class; (85 bytes) @ 0x00000000028d77d4 [0x00000000028d74e0+0x2f4]
J 647 C1 java.lang.ClassLoader.loadClass(Ljava/lang/String;)Ljava/lang/Class; (7 bytes) @ 0x00000000028d6ee4 [0x00000000028d6ea0+0x44]
v  ~StubRoutines::call_stub
J 819  java.lang.ClassLoader.defineClass1(Ljava/lang/String;[BIILjava/security/ProtectionDomain;Ljava/lang/String;)Ljava/lang/Class; (0 bytes) @ 0x0000000002927f1f [0x0000000002927e80+0x9f]
J 817 C1 java.lang.ClassLoader.defineClass(Ljava/lang/String;[BIILjava/security/ProtectionDomain;)Ljava/lang/Class; (43 bytes) @ 0x00000000029283ac [0x00000000029282a0+0x10c]
J 821 C1 java.net.URLClassLoader.defineClass(Ljava/lang/String;Lsun/misc/Resource;)Ljava/lang/Class; (142 bytes) @ 0x000000000292a9a4 [0x0000000002929fc0+0x9e4]
J 684 C1 java.net.URLClassLoader$1.run()Ljava/lang/Class; (63 bytes) @ 0x00000000028ebe0c [0x00000000028ebd40+0xcc]
J 683 C1 java.net.URLClassLoader$1.run()Ljava/lang/Object; (5 bytes) @ 0x00000000028eba14 [0x00000000028eb9e0+0x34]
v  ~StubRoutines::call_stub
J 528  java.security.AccessController.doPrivileged(Ljava/security/PrivilegedExceptionAction;Ljava/security/AccessControlContext;)Ljava/lang/Object; (0 bytes) @ 0x00000000028a9926 [0x00000000028a98c0+0x66]
J 681 C1 java.net.URLClassLoader.findClass(Ljava/lang/String;)Ljava/lang/Class; (47 bytes) @ 0x00000000028eb1c4 [0x00000000028eb100+0xc4]
J 555 C1 java.lang.ClassLoader.loadClass(Ljava/lang/String;Z)Ljava/lang/Class; (122 bytes) @ 0x00000000028b2834 [0x00000000028b2520+0x314]
J 649 C1 sun.misc.Launcher$AppClassLoader.loadClass(Ljava/lang/String;Z)Ljava/lang/Class; (85 bytes) @ 0x00000000028d77d4 [0x00000000028d74e0+0x2f4]
J 647 C1 java.lang.ClassLoader.loadClass(Ljava/lang/String;)Ljava/lang/Class; (7 bytes) @ 0x00000000028d6ee4 [0x00000000028d6ea0+0x44]
v  ~StubRoutines::call_stub
J 819  java.lang.ClassLoader.defineClass1(Ljava/lang/String;[BIILjava/security/ProtectionDomain;Ljava/lang/String;)Ljava/lang/Class; (0 bytes) @ 0x0000000002927f1f [0x0000000002927e80+0x9f]
J 817 C1 java.lang.ClassLoader.defineClass(Ljava/lang/String;[BIILjava/security/ProtectionDomain;)Ljava/lang/Class; (43 bytes) @ 0x00000000029283ac [0x00000000029282a0+0x10c]
J 821 C1 java.net.URLClassLoader.defineClass(Ljava/lang/String;Lsun/misc/Resource;)Ljava/lang/Class; (142 bytes) @ 0x000000000292a9a4 [0x0000000002929fc0+0x9e4]
J 684 C1 java.net.URLClassLoader$1.run()Ljava/lang/Class; (63 bytes) @ 0x00000000028ebe0c [0x00000000028ebd40+0xcc]
J 683 C1 java.net.URLClassLoader$1.run()Ljava/lang/Object; (5 bytes) @ 0x00000000028eba14 [0x00000000028eb9e0+0x34]
v  ~StubRoutines::call_stub
J 528  java.security.AccessController.doPrivileged(Ljava/security/PrivilegedExceptionAction;Ljava/security/AccessControlContext;)Ljava/lang/Object; (0 bytes) @ 0x00000000028a9926 [0x00000000028a98c0+0x66]
J 681 C1 java.net.URLClassLoader.findClass(Ljava/lang/String;)Ljava/lang/Class; (47 bytes) @ 0x00000000028eb1c4 [0x00000000028eb100+0xc4]
J 555 C1 java.lang.ClassLoader.loadClass(Ljava/lang/String;Z)Ljava/lang/Class; (122 bytes) @ 0x00000000028b2834 [0x00000000028b2520+0x314]
J 649 C1 sun.misc.Launcher$AppClassLoader.loadClass(Ljava/lang/String;Z)Ljava/lang/Class; (85 bytes) @ 0x00000000028d77d4 [0x00000000028d74e0+0x2f4]
J 647 C1 java.lang.ClassLoader.loadClass(Ljava/lang/String;)Ljava/lang/Class; (7 bytes) @ 0x00000000028d6ee4 [0x00000000028d6ea0+0x44]
v  ~StubRoutines::call_stub
j  org.hibernate.internal.AbstractSharedSessionContract.createQuery(Ljava/lang/String;)Lorg/hibernate/query/spi/QueryImplementor;+12
j  org.hibernate.internal.AbstractSharedSessionContract.createQuery(Ljava/lang/String;Ljava/lang/Class;Ljavax/persistence/criteria/Selection;Lorg/hibernate/jpa/spi/HibernateEntityManagerImplementor$QueryOptions;)Lorg/hibernate/query/spi/QueryImplementor;+2
j  org.hibernate.query.criteria.internal.CriteriaQueryImpl$1.buildCompiledQuery(Lorg/hibernate/engine/spi/SharedSessionContractImplementor;Lorg/hibernate/query/criteria/internal/compile/InterpretedParameterMetadata;)Lorg/hibernate/query/spi/QueryImplementor;+39
j  org.hibernate.query.criteria.internal.compile.CriteriaCompiler.compile(Lorg/hibernate/query/criteria/internal/compile/CompilableCriteria;)Lorg/hibernate/query/spi/QueryImplementor;+124
j  org.hibernate.internal.AbstractSharedSessionContract.createQuery(Ljavax/persistence/criteria/CriteriaQuery;)Lorg/hibernate/query/spi/QueryImplementor;+12
j  org.hibernate.internal.AbstractSessionImpl.createQuery(Ljavax/persistence/criteria/CriteriaQuery;)Ljavax/persistence/TypedQuery;+2
v  ~StubRoutines::call_stub
J 2077  sun.reflect.NativeMethodAccessorImpl.invoke0(Ljava/lang/reflect/Method;Ljava/lang/Object;[Ljava/lang/Object;)Ljava/lang/Object; (0 bytes) @ 0x0000000002b1bcbf [0x0000000002b1bc40+0x7f]
J 2076 C1 sun.reflect.NativeMethodAccessorImpl.invoke(Ljava/lang/Object;[Ljava/lang/Object;)Ljava/lang/Object; (104 bytes) @ 0x0000000002b1b424 [0x0000000002b1b060+0x3c4]
J 1880 C1 sun.reflect.DelegatingMethodAccessorImpl.invoke(Ljava/lang/Object;[Ljava/lang/Object;)Ljava/lang/Object; (10 bytes) @ 0x0000000002acb224 [0x0000000002acb1e0+0x44]
J 1879 C1 java.lang.reflect.Method.invoke(Ljava/lang/Object;[Ljava/lang/Object;)Ljava/lang/Object; (62 bytes) @ 0x0000000002acae24 [0x0000000002acad20+0x104]
j  org.springframework.orm.jpa.ExtendedEntityManagerCreator$ExtendedEntityManagerInvocationHandler.invoke(Ljava/lang/Object;Ljava/lang/reflect/Method;[Ljava/lang/Object;)Ljava/lang/Object;+296
j  com.sun.proxy.$Proxy103.createQuery(Ljavax/persistence/criteria/CriteriaQuery;)Ljavax/persistence/TypedQuery;+16
v  ~StubRoutines::call_stub
J 2077  sun.reflect.NativeMethodAccessorImpl.invoke0(Ljava/lang/reflect/Method;Ljava/lang/Object;[Ljava/lang/Object;)Ljava/lang/Object; (0 bytes) @ 0x0000000002b1bcbf [0x0000000002b1bc40+0x7f]
J 2076 C1 sun.reflect.NativeMethodAccessorImpl.invoke(Ljava/lang/Object;[Ljava/lang/Object;)Ljava/lang/Object; (104 bytes) @ 0x0000000002b1b424 [0x0000000002b1b060+0x3c4]
J 1880 C1 sun.reflect.DelegatingMethodAccessorImpl.invoke(Ljava/lang/Object;[Ljava/lang/Object;)Ljava/lang/Object; (10 bytes) @ 0x0000000002acb224 [0x0000000002acb1e0+0x44]
J 1879 C1 java.lang.reflect.Method.invoke(Ljava/lang/Object;[Ljava/lang/Object;)Ljava/lang/Object; (62 bytes) @ 0x0000000002acae24 [0x0000000002acad20+0x104]
j  org.springframework.orm.jpa.SharedEntityManagerCreator$SharedEntityManagerInvocationHandler.invoke(Ljava/lang/Object;Ljava/lang/reflect/Method;[Ljava/lang/Object;)Ljava/lang/Object;+495
j  com.sun.proxy.$Proxy103.createQuery(Ljavax/persistence/criteria/CriteriaQuery;)Ljavax/persistence/TypedQuery;+16
j  org.springframework.data.jpa.repository.support.SimpleJpaRepository.getQuery(Lorg/springframework/data/jpa/domain/Specification;Ljava/lang/Class;Lorg/springframework/data/domain/Sort;)Ljavax/persistence/TypedQuery;+71
j  org.springframework.data.jpa.repository.support.SimpleJpaRepository.getQuery(Lorg/springframework/data/jpa/domain/Specification;Lorg/springframework/data/domain/Sort;)Ljavax/persistence/TypedQuery;+7
j  org.springframework.data.jpa.repository.support.SimpleJpaRepository.findAll()Ljava/util/List;+5
j  org.springframework.data.jpa.repository.support.SimpleJpaRepository.findAll()Ljava/lang/Iterable;+1
v  ~StubRoutines::call_stub
J 2077  sun.reflect.NativeMethodAccessorImpl.invoke0(Ljava/lang/reflect/Method;Ljava/lang/Object;[Ljava/lang/Object;)Ljava/lang/Object; (0 bytes) @ 0x0000000002b1bcbf [0x0000000002b1bc40+0x7f]
J 2076 C1 sun.reflect.NativeMethodAccessorImpl.invoke(Ljava/lang/Object;[Ljava/lang/Object;)Ljava/lang/Object; (104 bytes) @ 0x0000000002b1b424 [0x0000000002b1b060+0x3c4]
J 1880 C1 sun.reflect.DelegatingMethodAccessorImpl.invoke(Ljava/lang/Object;[Ljava/lang/Object;)Ljava/lang/Object; (10 bytes) @ 0x0000000002acb224 [0x0000000002acb1e0+0x44]
J 1879 C1 java.lang.reflect.Method.invoke(Ljava/lang/Object;[Ljava/lang/Object;)Ljava/lang/Object; (62 bytes) @ 0x0000000002acae24 [0x0000000002acad20+0x104]
j  org.springframework.data.repository.core.support.RepositoryComposition$RepositoryFragments.invoke(Ljava/lang/reflect/Method;[Ljava/lang/Object;)Ljava/lang/Object;+64
j  org.springframework.data.repository.core.support.RepositoryComposition.invoke(Ljava/lang/reflect/Method;[Ljava/lang/Object;)Ljava/lang/Object;+54
j  org.springframework.data.repository.core.support.RepositoryFactorySupport$ImplementationMethodExecutionInterceptor.invoke(Lorg/aopalliance/intercept/MethodInvocation;)Ljava/lang/Object;+20
j  org.springframework.aop.framework.ReflectiveMethodInvocation.proceed()Ljava/lang/Object;+120
j  org.springframework.data.repository.core.support.RepositoryFactorySupport$QueryExecutorMethodInterceptor.doInvoke(Lorg/aopalliance/intercept/MethodInvocation;)Ljava/lang/Object;+41
j  org.springframework.data.repository.core.support.RepositoryFactorySupport$QueryExecutorMethodInterceptor.invoke(Lorg/aopalliance/intercept/MethodInvocation;)Ljava/lang/Object;+25
j  org.springframework.aop.framework.ReflectiveMethodInvocation.proceed()Ljava/lang/Object;+120
j  org.springframework.data.projection.DefaultMethodInvokingMethodInterceptor.invoke(Lorg/aopalliance/intercept/MethodInvocation;)Ljava/lang/Object;+15
j  org.springframework.aop.framework.ReflectiveMethodInvocation.proceed()Ljava/lang/Object;+120
j  org.springframework.transaction.interceptor.TransactionInterceptor$$Lambda$890.proceedWithInvocation()Ljava/lang/Object;+4
j  org.springframework.transaction.interceptor.TransactionAspectSupport.invokeWithinTransaction(Ljava/lang/reflect/Method;Ljava/lang/Class;Lorg/springframework/transaction/interceptor/TransactionAspectSupport$InvocationCallback;)Ljava/lang/Object;+131
j  org.springframework.transaction.interceptor.TransactionInterceptor.invoke(Lorg/aopalliance/intercept/MethodInvocation;)Ljava/lang/Object;+42
j  org.springframework.aop.framework.ReflectiveMethodInvocation.proceed()Ljava/lang/Object;+120
j  org.springframework.dao.support.PersistenceExceptionTranslationInterceptor.invoke(Lorg/aopalliance/intercept/MethodInvocation;)Ljava/lang/Object;+1
j  org.springframework.aop.framework.ReflectiveMethodInvocation.proceed()Ljava/lang/Object;+120
j  org.springframework.data.jpa.repository.support.CrudMethodMetadataPostProcessor$CrudMethodMetadataPopulatingMethodInterceptor.invoke(Lorg/aopalliance/intercept/MethodInvocation;)Ljava/lang/Object;+139
j  org.springframework.aop.framework.ReflectiveMethodInvocation.proceed()Ljava/lang/Object;+120
j  org.springframework.aop.interceptor.ExposeInvocationInterceptor.invoke(Lorg/aopalliance/intercept/MethodInvocation;)Ljava/lang/Object;+18
j  org.springframework.aop.framework.ReflectiveMethodInvocation.proceed()Ljava/lang/Object;+120
j  org.springframework.aop.framework.JdkDynamicAopProxy.invoke(Ljava/lang/Object;Ljava/lang/reflect/Method;[Ljava/lang/Object;)Ljava/lang/Object;+386
j  com.sun.proxy.$Proxy129.findAll()Ljava/util/List;+9
j  com.training.projectlogistics.service.RouteService.getAllRoutes()Ljava/util/List;+4
j  com.training.projectlogistics.controller.MainController.greetingAll(Lcom/training/projectlogistics/model/User;Lorg/springframework/ui/Model;)Ljava/lang/String;+14
v  ~StubRoutines::call_stub
J 2077  sun.reflect.NativeMethodAccessorImpl.invoke0(Ljava/lang/reflect/Method;Ljava/lang/Object;[Ljava/lang/Object;)Ljava/lang/Object; (0 bytes) @ 0x0000000002b1bcbf [0x0000000002b1bc40+0x7f]
J 2076 C1 sun.reflect.NativeMethodAccessorImpl.invoke(Ljava/lang/Object;[Ljava/lang/Object;)Ljava/lang/Object; (104 bytes) @ 0x0000000002b1b424 [0x0000000002b1b060+0x3c4]
J 1880 C1 sun.reflect.DelegatingMethodAccessorImpl.invoke(Ljava/lang/Object;[Ljava/lang/Object;)Ljava/lang/Object; (10 bytes) @ 0x0000000002acb224 [0x0000000002acb1e0+0x44]
J 1879 C1 java.lang.reflect.Method.invoke(Ljava/lang/Object;[Ljava/lang/Object;)Ljava/lang/Object; (62 bytes) @ 0x0000000002acae24 [0x0000000002acad20+0x104]
j  org.springframework.web.method.support.InvocableHandlerMethod.doInvoke([Ljava/lang/Object;)Ljava/lang/Object;+16
j  org.springframework.web.method.support.InvocableHandlerMethod.invokeForRequest(Lorg/springframework/web/context/request/NativeWebRequest;Lorg/springframework/web/method/support/ModelAndViewContainer;[Ljava/lang/Object;)Ljava/lang/Object;+56
j  org.springframework.web.servlet.mvc.method.annotation.ServletInvocableHandlerMethod.invokeAndHandle(Lorg/springframework/web/context/request/ServletWebRequest;Lorg/springframework/web/method/support/ModelAndViewContainer;[Ljava/lang/Object;)V+4
j  org.springframework.web.servlet.mvc.method.annotation.RequestMappingHandlerAdapter.invokeHandlerMethod(Ljavax/servlet/http/HttpServletRequest;Ljavax/servlet/http/HttpServletResponse;Lorg/springframework/web/method/HandlerMethod;)Lorg/springframework/web/servlet/ModelAndView;+244
j  org.springframework.web.servlet.mvc.method.annotation.RequestMappingHandlerAdapter.handleInternal(Ljavax/servlet/http/HttpServletRequest;Ljavax/servlet/http/HttpServletResponse;Lorg/springframework/web/method/HandlerMethod;)Lorg/springframework/web/servlet/ModelAndView;+81
j  org.springframework.web.servlet.mvc.method.AbstractHandlerMethodAdapter.handle(Ljavax/servlet/http/HttpServletRequest;Ljavax/servlet/http/HttpServletResponse;Ljava/lang/Object;)Lorg/springframework/web/servlet/ModelAndView;+7
j  org.springframework.web.servlet.DispatcherServlet.doDispatch(Ljavax/servlet/http/HttpServletRequest;Ljavax/servlet/http/HttpServletResponse;)V+257
j  org.springframework.web.servlet.DispatcherServlet.doService(Ljavax/servlet/http/HttpServletRequest;Ljavax/servlet/http/HttpServletResponse;)V+212
j  org.springframework.web.servlet.FrameworkServlet.processRequest(Ljavax/servlet/http/HttpServletRequest;Ljavax/servlet/http/HttpServletResponse;)V+71
j  org.springframework.web.servlet.FrameworkServlet.doGet(Ljavax/servlet/http/HttpServletRequest;Ljavax/servlet/http/HttpServletResponse;)V+3
j  javax.servlet.http.HttpServlet.service(Ljavax/servlet/http/HttpServletRequest;Ljavax/servlet/http/HttpServletResponse;)V+35
j  org.springframework.web.servlet.FrameworkServlet.service(Ljavax/servlet/http/HttpServletRequest;Ljavax/servlet/http/HttpServletResponse;)V+33
j  javax.servlet.http.HttpServlet.service(Ljavax/servlet/ServletRequest;Ljavax/servlet/ServletResponse;)V+36
j  org.apache.catalina.core.ApplicationFilterChain.internalDoFilter(Ljavax/servlet/ServletRequest;Ljavax/servlet/ServletResponse;)V+304
j  org.apache.catalina.core.ApplicationFilterChain.doFilter(Ljavax/servlet/ServletRequest;Ljavax/servlet/ServletResponse;)V+101
j  org.apache.tomcat.websocket.server.WsFilter.doFilter(Ljavax/servlet/ServletRequest;Ljavax/servlet/ServletResponse;Ljavax/servlet/FilterChain;)V+21
j  org.apache.catalina.core.ApplicationFilterChain.internalDoFilter(Ljavax/servlet/ServletRequest;Ljavax/servlet/ServletResponse;)V+135
j  org.apache.catalina.core.ApplicationFilterChain.doFilter(Ljavax/servlet/ServletRequest;Ljavax/servlet/ServletResponse;)V+101
j  org.springframework.security.web.FilterChainProxy$VirtualFilterChain.doFilter(Ljavax/servlet/ServletRequest;Ljavax/servlet/ServletResponse;)V+68
j  org.springframework.security.web.access.intercept.FilterSecurityInterceptor.invoke(Lorg/springframework/security/web/FilterInvocation;)V+94
j  org.springframework.security.web.access.intercept.FilterSecurityInterceptor.doFilter(Ljavax/servlet/ServletRequest;Ljavax/servlet/ServletResponse;Ljavax/servlet/FilterChain;)V+15
j  org.springframework.security.web.FilterChainProxy$VirtualFilterChain.doFilter(Ljavax/servlet/ServletRequest;Ljavax/servlet/ServletResponse;)V+192
j  org.springframework.security.web.access.ExceptionTranslationFilter.doFilter(Ljavax/servlet/ServletRequest;Ljavax/servlet/ServletResponse;Ljavax/servlet/FilterChain;)V+17
j  org.springframework.security.web.FilterChainProxy$VirtualFilterChain.doFilter(Ljavax/servlet/ServletRequest;Ljavax/servlet/ServletResponse;)V+192
j  org.springframework.security.web.session.SessionManagementFilter.doFilter(Ljavax/servlet/ServletRequest;Ljavax/servlet/ServletResponse;Ljavax/servlet/FilterChain;)V+258
j  org.springframework.security.web.FilterChainProxy$VirtualFilterChain.doFilter(Ljavax/servlet/ServletRequest;Ljavax/servlet/ServletResponse;)V+192
j  org.springframework.security.web.authentication.AnonymousAuthenticationFilter.doFilter(Ljavax/servlet/ServletRequest;Ljavax/servlet/ServletResponse;Ljavax/servlet/FilterChain;)V+137
j  org.springframework.security.web.FilterChainProxy$VirtualFilterChain.doFilter(Ljavax/servlet/ServletRequest;Ljavax/servlet/ServletResponse;)V+192
j  org.springframework.security.web.servletapi.SecurityContextHolderAwareRequestFilter.doFilter(Ljavax/servlet/ServletRequest;Ljavax/servlet/ServletResponse;Ljavax/servlet/FilterChain;)V+19
j  org.springframework.security.web.FilterChainProxy$VirtualFilterChain.doFilter(Ljavax/servlet/ServletRequest;Ljavax/servlet/ServletResponse;)V+192
j  org.springframework.security.web.savedrequest.RequestCacheAwareFilter.doFilter(Ljavax/servlet/ServletRequest;Ljavax/servlet/ServletResponse;Ljavax/servlet/FilterChain;)V+32
j  org.springframework.security.web.FilterChainProxy$VirtualFilterChain.doFilter(Ljavax/servlet/ServletRequest;Ljavax/servlet/ServletResponse;)V+192
j  org.springframework.security.web.authentication.AbstractAuthenticationProcessingFilter.doFilter(Ljavax/servlet/ServletRequest;Ljavax/servlet/ServletResponse;Ljavax/servlet/FilterChain;)V+28
j  org.springframework.security.web.FilterChainProxy$VirtualFilterChain.doFilter(Ljavax/servlet/ServletRequest;Ljavax/servlet/ServletResponse;)V+192
j  org.springframework.security.web.authentication.logout.LogoutFilter.doFilter(Ljavax/servlet/ServletRequest;Ljavax/servlet/ServletResponse;Ljavax/servlet/FilterChain;)V+115
j  org.springframework.security.web.FilterChainProxy$VirtualFilterChain.doFilter(Ljavax/servlet/ServletRequest;Ljavax/servlet/ServletResponse;)V+192
j  org.springframework.security.web.header.HeaderWriterFilter.doHeadersAfter(Ljavax/servlet/http/HttpServletRequest;Ljavax/servlet/http/HttpServletResponse;Ljavax/servlet/FilterChain;)V+29
j  org.springframework.security.web.header.HeaderWriterFilter.doFilterInternal(Ljavax/servlet/http/HttpServletRequest;Ljavax/servlet/http/HttpServletResponse;Ljavax/servlet/FilterChain;)V+21
j  org.springframework.web.filter.OncePerRequestFilter.doFilter(Ljavax/servlet/ServletRequest;Ljavax/servlet/ServletResponse;Ljavax/servlet/FilterChain;)V+147
j  org.springframework.security.web.FilterChainProxy$VirtualFilterChain.doFilter(Ljavax/servlet/ServletRequest;Ljavax/servlet/ServletResponse;)V+192
j  org.springframework.security.web.context.SecurityContextPersistenceFilter.doFilter(Ljavax/servlet/ServletRequest;Ljavax/servlet/ServletResponse;Ljavax/servlet/FilterChain;)V+165
j  org.springframework.security.web.FilterChainProxy$VirtualFilterChain.doFilter(Ljavax/servlet/ServletRequest;Ljavax/servlet/ServletResponse;)V+192
j  org.springframework.security.web.context.request.async.WebAsyncManagerIntegrationFilter.doFilterInternal(Ljavax/servlet/http/HttpServletRequest;Ljavax/servlet/http/HttpServletResponse;Ljavax/servlet/FilterChain;)V+42
j  org.springframework.web.filter.OncePerRequestFilter.doFilter(Ljavax/servlet/ServletRequest;Ljavax/servlet/ServletResponse;Ljavax/servlet/FilterChain;)V+147
j  org.springframework.security.web.FilterChainProxy$VirtualFilterChain.doFilter(Ljavax/servlet/ServletRequest;Ljavax/servlet/ServletResponse;)V+192
j  org.springframework.security.web.FilterChainProxy.doFilterInternal(Ljavax/servlet/ServletRequest;Ljavax/servlet/ServletResponse;Ljavax/servlet/FilterChain;)V+142
j  org.springframework.security.web.FilterChainProxy.doFilter(Ljavax/servlet/ServletRequest;Ljavax/servlet/ServletResponse;Ljavax/servlet/FilterChain;)V+40
j  org.springframework.web.filter.DelegatingFilterProxy.invokeDelegate(Ljavax/servlet/Filter;Ljavax/servlet/ServletRequest;Ljavax/servlet/ServletResponse;Ljavax/servlet/FilterChain;)V+5
j  org.springframework.web.filter.DelegatingFilterProxy.doFilter(Ljavax/servlet/ServletRequest;Ljavax/servlet/ServletResponse;Ljavax/servlet/FilterChain;)V+85
j  org.apache.catalina.core.ApplicationFilterChain.internalDoFilter(Ljavax/servlet/ServletRequest;Ljavax/servlet/ServletResponse;)V+135
j  org.apache.catalina.core.ApplicationFilterChain.doFilter(Ljavax/servlet/ServletRequest;Ljavax/servlet/ServletResponse;)V+101
j  org.springframework.web.filter.RequestContextFilter.doFilterInternal(Ljavax/servlet/http/HttpServletRequest;Ljavax/servlet/http/HttpServletResponse;Ljavax/servlet/FilterChain;)V+21
j  org.springframework.web.filter.OncePerRequestFilter.doFilter(Ljavax/servlet/ServletRequest;Ljavax/servlet/ServletResponse;Ljavax/servlet/FilterChain;)V+147
j  org.apache.catalina.core.ApplicationFilterChain.internalDoFilter(Ljavax/servlet/ServletRequest;Ljavax/servlet/ServletResponse;)V+135
j  org.apache.catalina.core.ApplicationFilterChain.doFilter(Ljavax/servlet/ServletRequest;Ljavax/servlet/ServletResponse;)V+101
j  org.springframework.web.filter.FormContentFilter.doFilterInternal(Ljavax/servlet/http/HttpServletRequest;Ljavax/servlet/http/HttpServletResponse;Ljavax/servlet/FilterChain;)V+38
j  org.springframework.web.filter.OncePerRequestFilter.doFilter(Ljavax/servlet/ServletRequest;Ljavax/servlet/ServletResponse;Ljavax/servlet/FilterChain;)V+147
j  org.apache.catalina.core.ApplicationFilterChain.internalDoFilter(Ljavax/servlet/ServletRequest;Ljavax/servlet/ServletResponse;)V+135
j  org.apache.catalina.core.ApplicationFilterChain.doFilter(Ljavax/servlet/ServletRequest;Ljavax/servlet/ServletResponse;)V+101
j  org.springframework.web.filter.CharacterEncodingFilter.doFilterInternal(Ljavax/servlet/http/HttpServletRequest;Ljavax/servlet/http/HttpServletResponse;Ljavax/servlet/FilterChain;)V+53
j  org.springframework.web.filter.OncePerRequestFilter.doFilter(Ljavax/servlet/ServletRequest;Ljavax/servlet/ServletResponse;Ljavax/servlet/FilterChain;)V+147
j  org.apache.catalina.core.ApplicationFilterChain.internalDoFilter(Ljavax/servlet/ServletRequest;Ljavax/servlet/ServletResponse;)V+135
j  org.apache.catalina.core.ApplicationFilterChain.doFilter(Ljavax/servlet/ServletRequest;Ljavax/servlet/ServletResponse;)V+101
j  org.apache.catalina.core.StandardWrapperValve.invoke(Lorg/apache/catalina/connector/Request;Lorg/apache/catalina/connector/Response;)V+694
j  org.apache.catalina.core.StandardContextValve.invoke(Lorg/apache/catalina/connector/Request;Lorg/apache/catalina/connector/Response;)V+166
j  org.apache.catalina.authenticator.AuthenticatorBase.invoke(Lorg/apache/catalina/connector/Request;Lorg/apache/catalina/connector/Response;)V+260
j  org.apache.catalina.core.StandardHostValve.invoke(Lorg/apache/catalina/connector/Request;Lorg/apache/catalina/connector/Response;)V+114
j  org.apache.catalina.valves.ErrorReportValve.invoke(Lorg/apache/catalina/connector/Request;Lorg/apache/catalina/connector/Response;)V+6
j  org.apache.catalina.core.StandardEngineValve.invoke(Lorg/apache/catalina/connector/Request;Lorg/apache/catalina/connector/Response;)V+45
j  org.apache.catalina.connector.CoyoteAdapter.service(Lorg/apache/coyote/Request;Lorg/apache/coyote/Response;)V+199
j  org.apache.coyote.http11.Http11Processor.service(Lorg/apache/tomcat/util/net/SocketWrapperBase;)Lorg/apache/tomcat/util/net/AbstractEndpoint$Handler$SocketState;+727
j  org.apache.coyote.AbstractProcessorLight.process(Lorg/apache/tomcat/util/net/SocketWrapperBase;Lorg/apache/tomcat/util/net/SocketEvent;)Lorg/apache/tomcat/util/net/AbstractEndpoint$Handler$SocketState;+170
j  org.apache.coyote.AbstractProtocol$ConnectionHandler.process(Lorg/apache/tomcat/util/net/SocketWrapperBase;Lorg/apache/tomcat/util/net/SocketEvent;)Lorg/apache/tomcat/util/net/AbstractEndpoint$Handler$SocketState;+429
j  org.apache.tomcat.util.net.NioEndpoint$SocketProcessor.doRun()V+221
j  org.apache.tomcat.util.net.SocketProcessorBase.run()V+21
j  java.util.concurrent.ThreadPoolExecutor.runWorker(Ljava/util/concurrent/ThreadPoolExecutor$Worker;)V+95
j  java.util.concurrent.ThreadPoolExecutor$Worker.run()V+5
j  org.apache.tomcat.util.threads.TaskThread$WrappingRunnable.run()V+4
j  java.lang.Thread.run()V+11
v  ~StubRoutines::call_stub

---------------  P R O C E S S  ---------------

Java Threads: ( => current thread )
  0x000000002281b800 JavaThread "RMI TCP Connection(idle)" daemon [_thread_blocked, id=3036, stack(0x0000000025360000,0x0000000025460000)]
  0x000000002281b000 JavaThread "RMI TCP Connection(idle)" daemon [_thread_blocked, id=4512, stack(0x0000000025160000,0x0000000025260000)]
  0x0000000022821800 JavaThread "DestroyJavaVM" [_thread_blocked, id=9240, stack(0x00000000022e0000,0x00000000023e0000)]
  0x000000002281a000 JavaThread "http-nio-8088-Acceptor" daemon [_thread_in_native, id=3728, stack(0x0000000024e60000,0x0000000024f60000)]
  0x000000002281f800 JavaThread "http-nio-8088-ClientPoller" daemon [_thread_in_native, id=10840, stack(0x0000000024d60000,0x0000000024e60000)]
  0x000000002281e800 JavaThread "http-nio-8088-exec-10" daemon [_thread_blocked, id=3608, stack(0x0000000024c60000,0x0000000024d60000)]
  0x000000002281e000 JavaThread "http-nio-8088-exec-9" daemon [_thread_blocked, id=11188, stack(0x0000000024b60000,0x0000000024c60000)]
  0x0000000022821000 JavaThread "http-nio-8088-exec-8" daemon [_thread_blocked, id=10036, stack(0x0000000024a60000,0x0000000024b60000)]
  0x000000002281d000 JavaThread "http-nio-8088-exec-7" daemon [_thread_blocked, id=7828, stack(0x0000000024960000,0x0000000024a60000)]
  0x000000001fd79000 JavaThread "http-nio-8088-exec-6" daemon [_thread_blocked, id=9852, stack(0x0000000024860000,0x0000000024960000)]
  0x000000001fd78800 JavaThread "http-nio-8088-exec-5" daemon [_thread_blocked, id=9496, stack(0x0000000024760000,0x0000000024860000)]
  0x000000001fd77000 JavaThread "http-nio-8088-exec-4" daemon [_thread_blocked, id=8464, stack(0x0000000024660000,0x0000000024760000)]
  0x000000001fd75800 JavaThread "http-nio-8088-exec-3" daemon [_thread_blocked, id=9676, stack(0x0000000024560000,0x0000000024660000)]
  0x000000001fd77800 JavaThread "http-nio-8088-exec-2" daemon [_thread_blocked, id=7348, stack(0x0000000024460000,0x0000000024560000)]
=>0x000000001fd7b800 JavaThread "http-nio-8088-exec-1" daemon [_thread_in_vm, id=11196, stack(0x0000000024360000,0x0000000024460000)]
  0x000000001fd7a800 JavaThread "http-nio-8088-BlockPoller" daemon [_thread_in_native, id=3752, stack(0x0000000024260000,0x0000000024360000)]
  0x000000001fd7c000 JavaThread "File Watcher" daemon [_thread_blocked, id=4168, stack(0x0000000023f60000,0x0000000024060000)]
  0x000000001fd7a000 JavaThread "Live Reload Server" daemon [_thread_in_native, id=10332, stack(0x0000000023460000,0x0000000023560000)]
  0x000000001fd76000 JavaThread "HikariPool-1 housekeeper" daemon [_thread_blocked, id=6008, stack(0x0000000021c90000,0x0000000021d90000)]
  0x000000001f683800 JavaThread "mysql-cj-abandoned-connection-cleanup" daemon [_thread_blocked, id=1636, stack(0x0000000021590000,0x0000000021690000)]
  0x000000001f682000 JavaThread "container-0" [_thread_blocked, id=1036, stack(0x0000000021490000,0x0000000021590000)]
  0x000000001fba1800 JavaThread "Catalina-utility-2" [_thread_blocked, id=7044, stack(0x0000000021390000,0x0000000021490000)]
  0x000000001fba0800 JavaThread "Catalina-utility-1" [_thread_blocked, id=2760, stack(0x0000000021290000,0x0000000021390000)]
  0x000000001d688800 JavaThread "RMI Scheduler(0)" daemon [_thread_blocked, id=8772, stack(0x000000001e3c0000,0x000000001e4c0000)]
  0x000000001d615000 JavaThread "RMI TCP Connection(4)-192.168.0.104" daemon [_thread_in_native, id=8304, stack(0x000000001e2c0000,0x000000001e3c0000)]
  0x000000001d5c1000 JavaThread "RMI TCP Accept-0" daemon [_thread_in_native, id=7584, stack(0x000000001dec0000,0x000000001dfc0000)]
  0x000000001cf5d800 JavaThread "Service Thread" daemon [_thread_blocked, id=7672, stack(0x000000001d280000,0x000000001d380000)]
  0x000000001cf54800 JavaThread "C1 CompilerThread1" daemon [_thread_blocked, id=4052, stack(0x000000001d180000,0x000000001d280000)]
  0x000000001cea0800 JavaThread "C2 CompilerThread0" daemon [_thread_blocked, id=10412, stack(0x000000001d080000,0x000000001d180000)]
  0x000000001ce7f000 JavaThread "Monitor Ctrl-Break" daemon [_thread_in_native, id=4852, stack(0x000000001cf80000,0x000000001d080000)]
  0x000000001bb7c800 JavaThread "Attach Listener" daemon [_thread_blocked, id=8964, stack(0x000000001ca80000,0x000000001cb80000)]
  0x000000001bb79800 JavaThread "Signal Dispatcher" daemon [_thread_blocked, id=11248, stack(0x000000001c980000,0x000000001ca80000)]
  0x0000000002538000 JavaThread "Finalizer" daemon [_thread_blocked, id=2504, stack(0x000000001c7a0000,0x000000001c8a0000)]
  0x000000001bb58000 JavaThread "Reference Handler" daemon [_thread_blocked, id=6860, stack(0x000000001c6a0000,0x000000001c7a0000)]

Other Threads:
  0x000000001bb37000 VMThread [stack: 0x000000001c5a0000,0x000000001c6a0000] [id=8752]
  0x000000001d5c7800 WatcherThread [stack: 0x000000001dfc0000,0x000000001e0c0000] [id=3364]

VM state:not at safepoint (normal execution)

VM Mutex/Monitor currently owned by a thread: None

heap address: 0x00000006c0000000, size: 4096 MB, Compressed Oops mode: Zero based, Oop shift amount: 3
Narrow klass base: 0x0000000000000000, Narrow klass shift: 3
Compressed class space size: 1073741824 Address: 0x00000007c0000000

Heap:
 PSYoungGen      total 215040K, used 37259K [0x000000076ab00000, 0x000000077d100000, 0x00000007c0000000)
  eden space 201216K, 11% used [0x000000076ab00000,0x000000076c233838,0x0000000776f80000)
  from space 13824K, 97% used [0x0000000776f80000,0x0000000777caf508,0x0000000777d00000)
  to   space 15872K, 0% used [0x000000077c180000,0x000000077c180000,0x000000077d100000)
 ParOldGen       total 48128K, used 21544K [0x00000006c0000000, 0x00000006c2f00000, 0x000000076ab00000)
  object space 48128K, 44% used [0x00000006c0000000,0x00000006c150a298,0x00000006c2f00000)
 Metaspace       used 55278K, capacity 58524K, committed 58752K, reserved 1099776K
  class space    used 7907K, capacity 8494K, committed 8576K, reserved 1048576K

Card table byte_map: [0x0000000011aa0000,0x00000000122b0000] byte_map_base: 0x000000000e4a0000

Marking Bits: (ParMarkBitMap*) 0x000000006ca86d90
 Begin Bits: [0x0000000012a10000, 0x0000000016a10000)
 End Bits:   [0x0000000016a10000, 0x000000001aa10000)

Polling page: 0x00000000006a0000

CodeCache: size=245760Kb used=9655Kb max_used=9655Kb free=236104Kb
 bounds [0x00000000026e0000, 0x0000000003050000, 0x00000000116e0000]
 total_blobs=5774 nmethods=5213 adapters=473
 compilation: enabled

Compilation events (10 events):
Event: 53.962 Thread 0x000000001cf54800 5272 %     1       java.util.Properties$LineReader::readLine @ 21 (468 bytes)
Event: 53.964 Thread 0x000000001cf54800 nmethod 5272% 0x000000000304b050 code [0x000000000304b240, 0x000000000304bda8]
Event: 54.043 Thread 0x000000001cf54800 5273       1       java.util.Properties$LineReader::readLine (468 bytes)
Event: 54.045 Thread 0x000000001cf54800 nmethod 5273 0x000000000304c410 code [0x000000000304c600, 0x000000000304cf88]
Event: 54.249 Thread 0x000000001cf54800 5274       1       org.apache.tomcat.util.http.MimeHeaderField::getName (5 bytes)
Event: 54.249 Thread 0x000000001cf54800 nmethod 5274 0x00000000028133d0 code [0x0000000002813520, 0x0000000002813630]
Event: 54.253 Thread 0x000000001cf54800 5275       1       javax.servlet.ServletRequestWrapper::getRequest (5 bytes)
Event: 54.253 Thread 0x000000001cf54800 nmethod 5275 0x0000000002813050 code [0x00000000028131a0, 0x00000000028132b0]
Event: 54.285 Thread 0x000000001cf54800 5276       1       org.springframework.core.annotation.AnnotationTypeMapping$MirrorSets::updateFrom (148 bytes)
Event: 54.287 Thread 0x000000001cf54800 nmethod 5276 0x000000000304d590 code [0x000000000304d7a0, 0x000000000304e048]

GC Heap History (10 events):
Event: 18.986 GC heap before
{Heap before GC invocations=11 (full 1):
 PSYoungGen      total 133120K, used 133091K [0x000000076ab00000, 0x0000000774f80000, 0x00000007c0000000)
  eden space 125440K, 100% used [0x000000076ab00000,0x0000000772580000,0x0000000772580000)
  from space 7680K, 99% used [0x0000000772580000,0x0000000772cf8d08,0x0000000772d00000)
  to   space 9728K, 0% used [0x0000000774600000,0x0000000774600000,0x0000000774f80000)
 ParOldGen       total 34816K, used 13455K [0x00000006c0000000, 0x00000006c2200000, 0x000000076ab00000)
  object space 34816K, 38% used [0x00000006c0000000,0x00000006c0d23d08,0x00000006c2200000)
 Metaspace       used 31806K, capacity 33686K, committed 33920K, reserved 1079296K
  class space    used 4322K, capacity 4686K, committed 4736K, reserved 1048576K
Event: 19.020 GC heap after
Heap after GC invocations=11 (full 1):
 PSYoungGen      total 157184K, used 9530K [0x000000076ab00000, 0x0000000776580000, 0x00000007c0000000)
  eden space 147456K, 0% used [0x000000076ab00000,0x000000076ab00000,0x0000000773b00000)
  from space 9728K, 97% used [0x0000000774600000,0x0000000774f4ebb0,0x0000000774f80000)
  to   space 11264K, 0% used [0x0000000773b00000,0x0000000773b00000,0x0000000774600000)
 ParOldGen       total 34816K, used 14505K [0x00000006c0000000, 0x00000006c2200000, 0x000000076ab00000)
  object space 34816K, 41% used [0x00000006c0000000,0x00000006c0e2a7a8,0x00000006c2200000)
 Metaspace       used 31806K, capacity 33686K, committed 33920K, reserved 1079296K
  class space    used 4322K, capacity 4686K, committed 4736K, reserved 1048576K
}
Event: 19.596 GC heap before
{Heap before GC invocations=12 (full 1):
 PSYoungGen      total 157184K, used 32098K [0x000000076ab00000, 0x0000000776580000, 0x00000007c0000000)
  eden space 147456K, 15% used [0x000000076ab00000,0x000000076c109e60,0x0000000773b00000)
  from space 9728K, 97% used [0x0000000774600000,0x0000000774f4ebb0,0x0000000774f80000)
  to   space 11264K, 0% used [0x0000000773b00000,0x0000000773b00000,0x0000000774600000)
 ParOldGen       total 34816K, used 14505K [0x00000006c0000000, 0x00000006c2200000, 0x000000076ab00000)
  object space 34816K, 41% used [0x00000006c0000000,0x00000006c0e2a7a8,0x00000006c2200000)
 Metaspace       used 33483K, capacity 35322K, committed 35456K, reserved 1079296K
  class space    used 4627K, capacity 4976K, committed 4992K, reserved 1048576K
Event: 19.647 GC heap after
Heap after GC invocations=12 (full 1):
 PSYoungGen      total 158720K, used 1773K [0x000000076ab00000, 0x0000000778880000, 0x00000007c0000000)
  eden space 147456K, 0% used [0x000000076ab00000,0x000000076ab00000,0x0000000773b00000)
  from space 11264K, 15% used [0x0000000773b00000,0x0000000773cbb478,0x0000000774600000)
  to   space 11264K, 0% used [0x0000000777d80000,0x0000000777d80000,0x0000000778880000)
 ParOldGen       total 34816K, used 20938K [0x00000006c0000000, 0x00000006c2200000, 0x000000076ab00000)
  object space 34816K, 60% used [0x00000006c0000000,0x00000006c1472bf8,0x00000006c2200000)
 Metaspace       used 33483K, capacity 35322K, committed 35456K, reserved 1079296K
  class space    used 4627K, capacity 4976K, committed 4992K, reserved 1048576K
}
Event: 19.647 GC heap before
{Heap before GC invocations=13 (full 2):
 PSYoungGen      total 158720K, used 1773K [0x000000076ab00000, 0x0000000778880000, 0x00000007c0000000)
  eden space 147456K, 0% used [0x000000076ab00000,0x000000076ab00000,0x0000000773b00000)
  from space 11264K, 15% used [0x0000000773b00000,0x0000000773cbb478,0x0000000774600000)
  to   space 11264K, 0% used [0x0000000777d80000,0x0000000777d80000,0x0000000778880000)
 ParOldGen       total 34816K, used 20938K [0x00000006c0000000, 0x00000006c2200000, 0x000000076ab00000)
  object space 34816K, 60% used [0x00000006c0000000,0x00000006c1472bf8,0x00000006c2200000)
 Metaspace       used 33483K, capacity 35322K, committed 35456K, reserved 1079296K
  class space    used 4627K, capacity 4976K, committed 4992K, reserved 1048576K
Event: 19.885 GC heap after
Heap after GC invocations=13 (full 2):
 PSYoungGen      total 158720K, used 0K [0x000000076ab00000, 0x0000000778880000, 0x00000007c0000000)
  eden space 147456K, 0% used [0x000000076ab00000,0x000000076ab00000,0x0000000773b00000)
  from space 11264K, 0% used [0x0000000773b00000,0x0000000773b00000,0x0000000774600000)
  to   space 11264K, 0% used [0x0000000777d80000,0x0000000777d80000,0x0000000778880000)
 ParOldGen       total 48128K, used 13851K [0x00000006c0000000, 0x00000006c2f00000, 0x000000076ab00000)
  object space 48128K, 28% used [0x00000006c0000000,0x00000006c0d86f20,0x00000006c2f00000)
 Metaspace       used 33483K, capacity 35322K, committed 35456K, reserved 1079296K
  class space    used 4627K, capacity 4976K, committed 4992K, reserved 1048576K
}
Event: 25.019 GC heap before
{Heap before GC invocations=14 (full 2):
 PSYoungGen      total 158720K, used 147456K [0x000000076ab00000, 0x0000000778880000, 0x00000007c0000000)
  eden space 147456K, 100% used [0x000000076ab00000,0x0000000773b00000,0x0000000773b00000)
  from space 11264K, 0% used [0x0000000773b00000,0x0000000773b00000,0x0000000774600000)
  to   space 11264K, 0% used [0x0000000777d80000,0x0000000777d80000,0x0000000778880000)
 ParOldGen       total 48128K, used 13851K [0x00000006c0000000, 0x00000006c2f00000, 0x000000076ab00000)
  object space 48128K, 28% used [0x00000006c0000000,0x00000006c0d86f20,0x00000006c2f00000)
 Metaspace       used 45320K, capacity 47512K, committed 47872K, reserved 1089536K
  class space    used 6442K, capacity 6859K, committed 6912K, reserved 1048576K
Event: 25.056 GC heap after
Heap after GC invocations=14 (full 2):
 PSYoungGen      total 212480K, used 11253K [0x000000076ab00000, 0x0000000778a80000, 0x00000007c0000000)
  eden space 201216K, 0% used [0x000000076ab00000,0x000000076ab00000,0x0000000776f80000)
  from space 11264K, 99% used [0x0000000777d80000,0x000000077887d6c8,0x0000000778880000)
  to   space 13824K, 0% used [0x0000000776f80000,0x0000000776f80000,0x0000000777d00000)
 ParOldGen       total 48128K, used 16894K [0x00000006c0000000, 0x00000006c2f00000, 0x000000076ab00000)
  object space 48128K, 35% used [0x00000006c0000000,0x00000006c107fab8,0x00000006c2f00000)
 Metaspace       used 45320K, capacity 47512K, committed 47872K, reserved 1089536K
  class space    used 6442K, capacity 6859K, committed 6912K, reserved 1048576K
}
Event: 31.972 GC heap before
{Heap before GC invocations=15 (full 2):
 PSYoungGen      total 212480K, used 212469K [0x000000076ab00000, 0x0000000778a80000, 0x00000007c0000000)
  eden space 201216K, 100% used [0x000000076ab00000,0x0000000776f80000,0x0000000776f80000)
  from space 11264K, 99% used [0x0000000777d80000,0x000000077887d6c8,0x0000000778880000)
  to   space 13824K, 0% used [0x0000000776f80000,0x0000000776f80000,0x0000000777d00000)
 ParOldGen       total 48128K, used 16894K [0x00000006c0000000, 0x00000006c2f00000, 0x000000076ab00000)
  object space 48128K, 35% used [0x00000006c0000000,0x00000006c107fab8,0x00000006c2f00000)
 Metaspace       used 53739K, capacity 56962K, committed 57216K, reserved 1097728K
  class space    used 7707K, capacity 8283K, committed 8320K, reserved 1048576K
Event: 32.075 GC heap after
Heap after GC invocations=15 (full 2):
 PSYoungGen      total 215040K, used 13501K [0x000000076ab00000, 0x000000077d100000, 0x00000007c0000000)
  eden space 201216K, 0% used [0x000000076ab00000,0x000000076ab00000,0x0000000776f80000)
  from space 13824K, 97% used [0x0000000776f80000,0x0000000777caf508,0x0000000777d00000)
  to   space 15872K, 0% used [0x000000077c180000,0x000000077c180000,0x000000077d100000)
 ParOldGen       total 48128K, used 21544K [0x00000006c0000000, 0x00000006c2f00000, 0x000000076ab00000)
  object space 48128K, 44% used [0x00000006c0000000,0x00000006c150a298,0x00000006c2f00000)
 Metaspace       used 53739K, capacity 56962K, committed 57216K, reserved 1097728K
  class space    used 7707K, capacity 8283K, committed 8320K, reserved 1048576K
}

Deoptimization events (0 events):
No events

Classes redefined (0 events):
No events

Internal exceptions (10 events):
Event: 29.941 Thread 0x000000001cef4800 Exception <a 'java/lang/ArrayIndexOutOfBoundsException'> (0x0000000774484990) thrown at [C:\re\workspace\8-2-build-windows-amd64-cygwin\jdk8u231\13620\hotspot\src\share\vm\runtime\sharedRuntime.cpp, line 605]
Event: 29.941 Thread 0x000000001cef4800 Exception <a 'java/lang/ArrayIndexOutOfBoundsException'> (0x00000007744858e8) thrown at [C:\re\workspace\8-2-build-windows-amd64-cygwin\jdk8u231\13620\hotspot\src\share\vm\runtime\sharedRuntime.cpp, line 605]
Event: 29.941 Thread 0x000000001cef4800 Exception <a 'java/lang/ArrayIndexOutOfBoundsException'> (0x0000000774486a68) thrown at [C:\re\workspace\8-2-build-windows-amd64-cygwin\jdk8u231\13620\hotspot\src\share\vm\runtime\sharedRuntime.cpp, line 605]
Event: 30.092 Thread 0x000000001cef4800 Exception <a 'java/lang/ArrayIndexOutOfBoundsException'> (0x0000000774737880) thrown at [C:\re\workspace\8-2-build-windows-amd64-cygwin\jdk8u231\13620\hotspot\src\share\vm\runtime\sharedRuntime.cpp, line 605]
Event: 30.164 Thread 0x000000001cef4800 Exception <a 'java/lang/IncompatibleClassChangeError': Found class java.lang.Object, but interface was expected> (0x0000000774903228) thrown at [C:\re\workspace\8-2-build-windows-amd64-cygwin\jdk8u231\13620\hotspot\src\share\vm\interpreter\linkResolver.cp
Event: 30.344 Thread 0x000000001cef4800 Exception <a 'java/lang/ArrayIndexOutOfBoundsException'> (0x0000000774e57ce8) thrown at [C:\re\workspace\8-2-build-windows-amd64-cygwin\jdk8u231\13620\hotspot\src\share\vm\runtime\sharedRuntime.cpp, line 605]
Event: 30.400 Thread 0x000000001cef4800 Exception <a 'java/lang/ArrayIndexOutOfBoundsException'> (0x0000000774f98200) thrown at [C:\re\workspace\8-2-build-windows-amd64-cygwin\jdk8u231\13620\hotspot\src\share\vm\runtime\sharedRuntime.cpp, line 605]
Event: 30.412 Thread 0x000000001cef4800 Exception <a 'java/lang/ArrayIndexOutOfBoundsException'> (0x0000000774fbc400) thrown at [C:\re\workspace\8-2-build-windows-amd64-cygwin\jdk8u231\13620\hotspot\src\share\vm\runtime\sharedRuntime.cpp, line 605]
Event: 30.415 Thread 0x000000001cef4800 Exception <a 'java/lang/ArrayIndexOutOfBoundsException'> (0x0000000774fc0740) thrown at [C:\re\workspace\8-2-build-windows-amd64-cygwin\jdk8u231\13620\hotspot\src\share\vm\runtime\sharedRuntime.cpp, line 605]
Event: 30.878 Thread 0x000000001cef4800 Exception <a 'java/lang/ArrayIndexOutOfBoundsException'> (0x0000000775d16ca0) thrown at [C:\re\workspace\8-2-build-windows-amd64-cygwin\jdk8u231\13620\hotspot\src\share\vm\runtime\sharedRuntime.cpp, line 605]

Events (10 events):
Event: 54.536 loading class org/hibernate/query/criteria/internal/CriteriaQueryImpl$1$1
Event: 54.536 loading class org/hibernate/query/criteria/internal/CriteriaQueryImpl$1$1 done
Event: 54.538 loading class org/hibernate/jpa/spi/HibernateEntityManagerImplementor$QueryOptions
Event: 54.538 loading class org/hibernate/jpa/spi/HibernateEntityManagerImplementor$QueryOptions done
Event: 54.540 loading class org/hibernate/query/internal/QueryImpl
Event: 54.540 loading class org/hibernate/query/internal/QueryImpl done
Event: 54.542 loading class org/hibernate/query/internal/AbstractProducedQuery
Event: 54.542 loading class org/hibernate/query/internal/AbstractProducedQuery done
Event: 54.547 loading class org/hibernate/query/spi/QueryImplementor
Event: 54.547 loading class org/hibernate/query/spi/QueryImplementor done


Dynamic libraries:
0x00007ff76eaf0000 - 0x00007ff76eb27000 	C:\Program Files\Java\jdk1.8.0_231\bin\java.exe
0x00007fff2c1d0000 - 0x00007fff2c391000 	C:\windows\SYSTEM32\ntdll.dll
0x00007fff29cf0000 - 0x00007fff29d9d000 	C:\windows\system32\KERNEL32.DLL
0x00007fff289f0000 - 0x00007fff28bd8000 	C:\windows\system32\KERNELBASE.dll
0x00007fff2a200000 - 0x00007fff2a2a7000 	C:\windows\system32\ADVAPI32.dll
0x00007fff29f50000 - 0x00007fff29fed000 	C:\windows\system32\msvcrt.dll
0x00007fff2bf40000 - 0x00007fff2bf9b000 	C:\windows\system32\sechost.dll
0x00007fff2a060000 - 0x00007fff2a17c000 	C:\windows\system32\RPCRT4.dll
0x00007fff2c070000 - 0x00007fff2c1c6000 	C:\windows\system32\USER32.dll
0x00007fff2a2b0000 - 0x00007fff2a437000 	C:\windows\system32\GDI32.dll
0x00007fff1dfd0000 - 0x00007fff1e244000 	C:\windows\WinSxS\amd64_microsoft.windows.common-controls_6595b64144ccf1df_6.0.10586.839_none_a2ddba30a539a2ae\COMCTL32.dll
0x00007fff29a30000 - 0x00007fff29cae000 	C:\windows\system32\combase.dll
0x00007fff29560000 - 0x00007fff295ca000 	C:\windows\system32\bcryptPrimitives.dll
0x00007fff29cb0000 - 0x00007fff29ceb000 	C:\windows\system32\IMM32.DLL
0x000000006cb10000 - 0x000000006cbe2000 	C:\Program Files\Java\jdk1.8.0_231\jre\bin\msvcr100.dll
0x000000006c260000 - 0x000000006cb06000 	C:\Program Files\Java\jdk1.8.0_231\jre\bin\server\jvm.dll
0x00007fff298d0000 - 0x00007fff298d8000 	C:\windows\system32\PSAPI.DLL
0x00007fff24c50000 - 0x00007fff24c59000 	C:\windows\SYSTEM32\WSOCK32.dll
0x00007fff29ff0000 - 0x00007fff2a05b000 	C:\windows\system32\WS2_32.dll
0x00007fff26fb0000 - 0x00007fff26fd3000 	C:\windows\SYSTEM32\WINMM.dll
0x00007fff1e330000 - 0x00007fff1e33a000 	C:\windows\SYSTEM32\VERSION.dll
0x00007fff26f50000 - 0x00007fff26f7c000 	C:\windows\SYSTEM32\WINMMBASE.dll
0x00007fff29510000 - 0x00007fff29553000 	C:\windows\system32\cfgmgr32.dll
0x00007fff204c0000 - 0x00007fff204cf000 	C:\Program Files\Java\jdk1.8.0_231\jre\bin\verify.dll
0x00007fff1c730000 - 0x00007fff1c759000 	C:\Program Files\Java\jdk1.8.0_231\jre\bin\java.dll
0x00007fff1b830000 - 0x00007fff1b853000 	C:\Program Files\Java\jdk1.8.0_231\jre\bin\instrument.dll
0x00007fff1ca40000 - 0x00007fff1ca56000 	C:\Program Files\Java\jdk1.8.0_231\jre\bin\zip.dll
0x00007fff2a4a0000 - 0x00007fff2b9fc000 	C:\windows\system32\SHELL32.dll
0x00007fff28be0000 - 0x00007fff29224000 	C:\windows\system32\windows.storage.dll
0x00007fff2a440000 - 0x00007fff2a492000 	C:\windows\system32\shlwapi.dll
0x00007fff28870000 - 0x00007fff2887f000 	C:\windows\system32\kernel.appcore.dll
0x00007fff28880000 - 0x00007fff28935000 	C:\windows\system32\shcore.dll
0x00007fff28810000 - 0x00007fff2885b000 	C:\windows\system32\powrprof.dll
0x00007fff287f0000 - 0x00007fff28804000 	C:\windows\system32\profapi.dll
0x00007fff1b810000 - 0x00007fff1b82a000 	D:\IntelliJ IDEA 2019.3.1\bin\breakgen64.dll
0x00007fff204e0000 - 0x00007fff204fa000 	C:\Program Files\Java\jdk1.8.0_231\jre\bin\net.dll
0x00007fff280c0000 - 0x00007fff2811c000 	C:\windows\system32\mswsock.dll
0x00007fff27230000 - 0x00007fff272da000 	C:\windows\SYSTEM32\DNSAPI.dll
0x00007fff295d0000 - 0x00007fff295d8000 	C:\windows\system32\NSI.dll
0x00007fff19e40000 - 0x00007fff19e4a000 	C:\Windows\System32\rasadhlp.dll
0x00007fff1e750000 - 0x00007fff1e7b7000 	C:\windows\System32\fwpuclnt.dll
0x00007fff28720000 - 0x00007fff28749000 	C:\windows\SYSTEM32\bcrypt.dll
0x00007fff26b30000 - 0x00007fff26b3d000 	C:\Program Files\Java\jdk1.8.0_231\jre\bin\management.dll
0x00007fff1ca00000 - 0x00007fff1ca12000 	C:\Program Files\Java\jdk1.8.0_231\jre\bin\nio.dll
0x00007fff28170000 - 0x00007fff28187000 	C:\windows\SYSTEM32\CRYPTSP.dll
0x00007fff27e00000 - 0x00007fff27e34000 	C:\windows\system32\rsaenh.dll
0x00007fff27f50000 - 0x00007fff27f6f000 	C:\windows\SYSTEM32\USERENV.dll
0x00007fff28710000 - 0x00007fff2871b000 	C:\windows\SYSTEM32\CRYPTBASE.dll
0x00007fff1e7c0000 - 0x00007fff1e7f8000 	C:\windows\SYSTEM32\IPHLPAPI.DLL
0x00007fff1e690000 - 0x00007fff1e6a6000 	C:\windows\SYSTEM32\dhcpcsvc6.DLL
0x00007fff1e670000 - 0x00007fff1e68a000 	C:\windows\SYSTEM32\dhcpcsvc.DLL
0x00007fff19400000 - 0x00007fff19416000 	C:\windows\system32\napinsp.dll
0x00007fff193e0000 - 0x00007fff193fa000 	C:\windows\system32\pnrpnsp.dll
0x00007fff26100000 - 0x00007fff26118000 	C:\windows\system32\NLAapi.dll
0x00007fff193d0000 - 0x00007fff193dd000 	C:\windows\System32\winrnr.dll
0x00007fff18760000 - 0x00007fff18775000 	C:\windows\System32\wshbth.dll

VM Arguments:
jvm_args: -XX:TieredStopAtLevel=1 -Xverify:none -Dspring.output.ansi.enabled=always -Dcom.sun.management.jmxremote -Dspring.jmx.enabled=true -Dspring.liveBeansView.mbeanDomain -Dspring.application.admin.enabled=true -javaagent:D:\IntelliJ IDEA 2019.3.1\lib\idea_rt.jar=62102:D:\IntelliJ IDEA 2019.3.1\bin -Dfile.encoding=UTF-8 -Xmx4096M 
java_command: com.training.projectlogistics.ProjectLogisticsApplication
java_class_path (initial): C:\Program Files\Java\jdk1.8.0_231\jre\lib\charsets.jar;C:\Program Files\Java\jdk1.8.0_231\jre\lib\deploy.jar;C:\Program Files\Java\jdk1.8.0_231\jre\lib\ext\access-bridge-64.jar;C:\Program Files\Java\jdk1.8.0_231\jre\lib\ext\cldrdata.jar;C:\Program Files\Java\jdk1.8.0_231\jre\lib\ext\dnsns.jar;C:\Program Files\Java\jdk1.8.0_231\jre\lib\ext\jaccess.jar;C:\Program Files\Java\jdk1.8.0_231\jre\lib\ext\jfxrt.jar;C:\Program Files\Java\jdk1.8.0_231\jre\lib\ext\localedata.jar;C:\Program Files\Java\jdk1.8.0_231\jre\lib\ext\nashorn.jar;C:\Program Files\Java\jdk1.8.0_231\jre\lib\ext\sunec.jar;C:\Program Files\Java\jdk1.8.0_231\jre\lib\ext\sunjce_provider.jar;C:\Program Files\Java\jdk1.8.0_231\jre\lib\ext\sunmscapi.jar;C:\Program Files\Java\jdk1.8.0_231\jre\lib\ext\sunpkcs11.jar;C:\Program Files\Java\jdk1.8.0_231\jre\lib\ext\zipfs.jar;C:\Program Files\Java\jdk1.8.0_231\jre\lib\javaws.jar;C:\Program Files\Java\jdk1.8.0_231\jre\lib\jce.jar;C:\Program Files\Java\jdk1.8.0_231\jre\lib\jfr.jar;C:\Program Files\Java\jdk1.8.0_231\jre\lib\jfxswt.jar;C:\Program Files\Java\jdk1.8.0_231\jre\lib\jsse.jar;C:\Program Files\Java\jdk1.8.0_231\jre\lib\management-agent.jar;C:\Program Files\Java\jdk1.8.0_231\jre\lib\plugin.jar;C:\Program Files\Java\jdk1.8.0_231\jre\lib\resources.jar;C:\Program Files\Java\jdk1.8.0_231\jre\lib\rt.jar;D:\JAVA WINTER_practice\project-logistics\target\classes;C:\Users\maria\.m2\repository\org\springframework\boot\spring-boot-starter\2.2.2.RELEASE\spring-boot-starter-2.2.2.RELEASE.jar;C:\Users\maria\.m2\repository\org\springframework\boot\spring-boot\2.2.2.RELEASE\spring-boot-2.2.2.RELEASE.jar;C:\Users\maria\.m2\repository\org\springframework\spring-context\5.2.2.RELEASE\spring-context-5.2.2.RELEASE.jar;C:\Users\maria\.m2\repository\org\springframework\boot\spring-boot-autoconfigure\2.2.2.RELEASE\spring-boot-autoconfigure-2.2.2.RELEASE.jar;C:\Users\maria\.m2\repository\org\springframework\boot\spring-boot-starter-logging\2.2.2.RELEASE\spring
Launcher Type: SUN_STANDARD

Environment Variables:
JAVA_HOME=C:\Program Files\Java\jdk1.8.0_231
_JAVA_OPTIONS=-Xmx4096M
PATH=C:\Program Files (x86)\Common Files\Oracle\Java\javapath;C:\Program Files (x86)\Intel\TXE Components\TCS\;C:\Program Files\Intel\TXE Components\TCS\;C:\windows\system32;C:\windows;C:\windows\System32\Wbem;C:\windows\System32\WindowsPowerShell\v1.0\;C:\Program Files\Intel\TXE Components\DAL\;C:\Program Files (x86)\Intel\TXE Components\DAL\;C:\Program Files\Intel\TXE Components\IPT\;C:\Program Files (x86)\Intel\TXE Components\IPT\;C:\Program Files\Git\cmd;C:\Program Files\Intel\WiFi\bin\;C:\Program Files\Common Files\Intel\WirelessCommon\;C:\Program Files\Java\jdk1.8.0_231\bin;C:\Program Files\Java\jre1.8.0_231\bin
USERNAME=maria
OS=Windows_NT
PROCESSOR_IDENTIFIER=Intel64 Family 6 Model 76 Stepping 4, GenuineIntel



---------------  S Y S T E M  ---------------

OS: Windows 10.0 , 64 bit Build 10586 (10.0.10586.589)

CPU:total 2 (initial active 2) (2 cores per cpu, 1 threads per core) family 6 model 76 stepping 4, cmov, cx8, fxsr, mmx, sse, sse2, sse3, ssse3, sse4.1, sse4.2, popcnt, aes, clmul, erms, 3dnowpref, tsc, tscinvbit

Memory: 4k page, physical 4097616k(605468k free), swap 7324412k(668k free)

vm_info: Java HotSpot(TM) 64-Bit Server VM (25.231-b11) for windows-amd64 JRE (1.8.0_231-b11), built on Oct  5 2019 03:11:30 by "java_re" with MS VC++ 10.0 (VS2010)

time: Thu Feb 06 21:06:53 2020
timezone: FLE Standard Time
elapsed time: 54 seconds (0d 0h 0m 54s)

